<?xml version="1.0" encoding="UTF-8"?>
<!-- Generated by org.testng.reporters.JUnitXMLReporter -->
<testsuite ignored="6" hostname="LAPTOP-0A7BHQUS" failures="1" tests="4" name="Test" time="48.647" errors="0" timestamp="2022-11-06T20:01:56 AST">
  <testcase classname="com.way2Project.Tests.BankManagerTest" name="addCustomer" time="8.171"/>
  <testcase classname="com.way2Project.Tests.CutomerPageTest" name="selectUserTest" time="9.953">
    <failure type="java.lang.AssertionError" message="expected [true] but found [false]">
      <![CDATA[java.lang.AssertionError: expected [true] but found [false]
at com.way2Project.Tests.CutomerPageTest.selectUserTest(CutomerPageTest.java:43)
at java.base/java.util.ArrayList.forEach(ArrayList.java:1511)
... Removed 31 stack frames]]>
    </failure>
  </testcase> <!-- selectUserTest -->
  <testcase classname="com.way2Project.Tests.HomePageTest" name="bankManagerloginTest" time="4.448"/>
  <testcase classname="com.way2Project.Tests.UserProfileTest" name="deposit" time="5.394"/>
  <testcase classname="com.way2Project.base.Base" name="@AfterSuite afterSuite" time="0.0">
    <ignored/>
  </testcase> <!-- @AfterSuite afterSuite -->
  <testcase classname="com.way2Project.base.Base" name="@AfterSuite afterSuite" time="0.0">
    <ignored/>
  </testcase> <!-- @AfterSuite afterSuite -->
  <testcase classname="com.way2Project.base.Base" name="@AfterSuite afterSuite" time="0.0">
    <ignored/>
  </testcase> <!-- @AfterSuite afterSuite -->
  <testcase classname="com.way2Project.base.Base" name="@BeforeSuite loadConfig" time="0.0">
    <ignored/>
  </testcase> <!-- @BeforeSuite loadConfig -->
  <testcase classname="com.way2Project.base.Base" name="@BeforeSuite loadConfig" time="0.0">
    <ignored/>
  </testcase> <!-- @BeforeSuite loadConfig -->
  <testcase classname="com.way2Project.base.Base" name="@BeforeSuite loadConfig" time="0.0">
    <ignored/>
  </testcase> <!-- @BeforeSuite loadConfig -->
</testsuite> <!-- Test -->
