<?xml version="1.0" encoding="UTF-8"?>
<testng-results ignored="6" total="10" passed="3" failed="1" skipped="0">
  <reporter-output>
  </reporter-output>
  <suite started-at="2022-11-06T20:01:07 AST" name="Suite" finished-at="2022-11-06T20:01:56 AST" duration-ms="48647">
    <groups>
    </groups>
    <test started-at="2022-11-06T20:01:07 AST" name="Test" finished-at="2022-11-06T20:01:56 AST" duration-ms="48647">
      <class name="com.way2Project.Tests.BankManagerTest">
        <test-method is-config="true" signature="loadConfig()[pri:0, instance:com.way2Project.Tests.BankManagerTest@7690781]" started-at="2022-11-06T20:01:07 AST" name="loadConfig" finished-at="2022-11-06T20:01:07 AST" duration-ms="153" status="PASS">
          <reporter-output>
          </reporter-output>
        </test-method> <!-- loadConfig -->
        <test-method is-config="true" signature="setup(java.lang.String)[pri:0, instance:com.way2Project.Tests.BankManagerTest@7690781]" started-at="2022-11-06T20:01:07 AST" name="setup" finished-at="2022-11-06T20:01:10 AST" duration-ms="2223" status="PASS">
          <params>
            <param index="0">
              <value>
                <![CDATA[chrome]]>
              </value>
            </param>
          </params>
          <reporter-output>
          </reporter-output>
        </test-method> <!-- setup -->
        <test-method signature="addCustomer(java.lang.String, java.lang.String, java.lang.String)[pri:0, instance:com.way2Project.Tests.BankManagerTest@7690781]" started-at="2022-11-06T20:01:10 AST" name="addCustomer" data-provider="CreateUser" finished-at="2022-11-06T20:01:18 AST" duration-ms="8171" status="PASS">
          <params>
            <param index="0">
              <value>
                <![CDATA[mahmoud]]>
              </value>
            </param>
            <param index="1">
              <value>
                <![CDATA[sameer]]>
              </value>
            </param>
            <param index="2">
              <value>
                <![CDATA[123.0]]>
              </value>
            </param>
          </params>
          <reporter-output>
          </reporter-output>
        </test-method> <!-- addCustomer -->
        <test-method is-config="true" signature="tearDown()[pri:0, instance:com.way2Project.Tests.BankManagerTest@7690781]" started-at="2022-11-06T20:01:18 AST" name="tearDown" finished-at="2022-11-06T20:01:21 AST" duration-ms="3147" status="PASS">
          <reporter-output>
          </reporter-output>
        </test-method> <!-- tearDown -->
        <test-method is-config="true" signature="afterSuite()[pri:0, instance:com.way2Project.Tests.BankManagerTest@7690781]" started-at="2022-11-06T20:01:56 AST" name="afterSuite" finished-at="2022-11-06T20:01:56 AST" duration-ms="276" status="PASS">
          <reporter-output>
          </reporter-output>
        </test-method> <!-- afterSuite -->
      </class> <!-- com.way2Project.Tests.BankManagerTest -->
      <class name="com.way2Project.Tests.HomePageTest">
        <test-method is-config="true" signature="setup(java.lang.String)[pri:0, instance:com.way2Project.Tests.HomePageTest@3246fb96]" started-at="2022-11-06T20:01:36 AST" name="setup" finished-at="2022-11-06T20:01:38 AST" duration-ms="1758" status="PASS">
          <params>
            <param index="0">
              <value>
                <![CDATA[chrome]]>
              </value>
            </param>
          </params>
          <reporter-output>
          </reporter-output>
        </test-method> <!-- setup -->
        <test-method signature="bankManagerloginTest()[pri:0, instance:com.way2Project.Tests.HomePageTest@3246fb96]" started-at="2022-11-06T20:01:38 AST" name="bankManagerloginTest" finished-at="2022-11-06T20:01:42 AST" duration-ms="4448" status="PASS">
          <reporter-output>
          </reporter-output>
        </test-method> <!-- bankManagerloginTest -->
        <test-method is-config="true" signature="tearDown()[pri:0, instance:com.way2Project.Tests.HomePageTest@3246fb96]" started-at="2022-11-06T20:01:42 AST" name="tearDown" finished-at="2022-11-06T20:01:46 AST" duration-ms="3145" status="PASS">
          <reporter-output>
          </reporter-output>
        </test-method> <!-- tearDown -->
      </class> <!-- com.way2Project.Tests.HomePageTest -->
      <class name="com.way2Project.Tests.UserProfileTest">
        <test-method is-config="true" signature="setup(java.lang.String)[pri:0, instance:com.way2Project.Tests.UserProfileTest@2e222612]" started-at="2022-11-06T20:01:46 AST" name="setup" finished-at="2022-11-06T20:01:47 AST" duration-ms="1691" status="PASS">
          <params>
            <param index="0">
              <value>
                <![CDATA[chrome]]>
              </value>
            </param>
          </params>
          <reporter-output>
          </reporter-output>
        </test-method> <!-- setup -->
        <test-method signature="deposit(java.lang.String)[pri:0, instance:com.way2Project.Tests.UserProfileTest@2e222612]" started-at="2022-11-06T20:01:47 AST" name="deposit" data-provider="Ammount" finished-at="2022-11-06T20:01:53 AST" duration-ms="5394" status="PASS">
          <params>
            <param index="0">
              <value>
                <![CDATA[1000.0]]>
              </value>
            </param>
          </params>
          <reporter-output>
          </reporter-output>
        </test-method> <!-- deposit -->
        <test-method is-config="true" signature="tearDown()[pri:0, instance:com.way2Project.Tests.UserProfileTest@2e222612]" started-at="2022-11-06T20:01:53 AST" name="tearDown" finished-at="2022-11-06T20:01:56 AST" duration-ms="3140" status="PASS">
          <reporter-output>
          </reporter-output>
        </test-method> <!-- tearDown -->
      </class> <!-- com.way2Project.Tests.UserProfileTest -->
      <class name="com.way2Project.Tests.CutomerPageTest">
        <test-method is-config="true" signature="setup(java.lang.String)[pri:0, instance:com.way2Project.Tests.CutomerPageTest@77eca502]" started-at="2022-11-06T20:01:21 AST" name="setup" finished-at="2022-11-06T20:01:23 AST" duration-ms="1924" status="PASS">
          <params>
            <param index="0">
              <value>
                <![CDATA[chrome]]>
              </value>
            </param>
          </params>
          <reporter-output>
          </reporter-output>
        </test-method> <!-- setup -->
        <test-method signature="selectUserTest()[pri:0, instance:com.way2Project.Tests.CutomerPageTest@77eca502]" started-at="2022-11-06T20:01:23 AST" name="selectUserTest" finished-at="2022-11-06T20:01:33 AST" duration-ms="9953" status="FAIL">
          <exception class="java.lang.AssertionError">
            <message>
              <![CDATA[expected [true] but found [false]]]>
            </message>
            <full-stacktrace>
              <![CDATA[java.lang.AssertionError: expected [true] but found [false]
at org.testng.Assert.fail(Assert.java:97)
at org.testng.Assert.failNotEquals(Assert.java:969)
at org.testng.Assert.assertTrue(Assert.java:43)
at org.testng.Assert.assertTrue(Assert.java:53)
at com.way2Project.Tests.CutomerPageTest.selectUserTest(CutomerPageTest.java:43)
at java.base/jdk.internal.reflect.NativeMethodAccessorImpl.invoke0(Native Method)
at java.base/jdk.internal.reflect.NativeMethodAccessorImpl.invoke(NativeMethodAccessorImpl.java:77)
at java.base/jdk.internal.reflect.DelegatingMethodAccessorImpl.invoke(DelegatingMethodAccessorImpl.java:43)
at java.base/java.lang.reflect.Method.invoke(Method.java:568)
at org.testng.internal.MethodInvocationHelper.invokeMethod(MethodInvocationHelper.java:134)
at org.testng.internal.TestInvoker.invokeMethod(TestInvoker.java:597)
at org.testng.internal.TestInvoker.invokeTestMethod(TestInvoker.java:173)
at org.testng.internal.MethodRunner.runInSequence(MethodRunner.java:46)
at org.testng.internal.TestInvoker$MethodInvocationAgent.invoke(TestInvoker.java:816)
at org.testng.internal.TestInvoker.invokeTestMethods(TestInvoker.java:146)
at org.testng.internal.TestMethodWorker.invokeTestMethods(TestMethodWorker.java:146)
at org.testng.internal.TestMethodWorker.run(TestMethodWorker.java:128)
at java.base/java.util.ArrayList.forEach(ArrayList.java:1511)
at org.testng.TestRunner.privateRun(TestRunner.java:766)
at org.testng.TestRunner.run(TestRunner.java:587)
at org.testng.SuiteRunner.runTest(SuiteRunner.java:384)
at org.testng.SuiteRunner.runSequentially(SuiteRunner.java:378)
at org.testng.SuiteRunner.privateRun(SuiteRunner.java:337)
at org.testng.SuiteRunner.run(SuiteRunner.java:286)
at org.testng.SuiteRunnerWorker.runSuite(SuiteRunnerWorker.java:53)
at org.testng.SuiteRunnerWorker.run(SuiteRunnerWorker.java:96)
at org.testng.TestNG.runSuitesSequentially(TestNG.java:1187)
at org.testng.TestNG.runSuitesLocally(TestNG.java:1109)
at org.testng.TestNG.runSuites(TestNG.java:1039)
at org.testng.TestNG.run(TestNG.java:1007)
at org.testng.remote.AbstractRemoteTestNG.run(AbstractRemoteTestNG.java:115)
at org.testng.remote.RemoteTestNG.initAndRun(RemoteTestNG.java:251)
at org.testng.remote.RemoteTestNG.main(RemoteTestNG.java:77)
]]>
            </full-stacktrace>
          </exception> <!-- java.lang.AssertionError -->
          <reporter-output>
          </reporter-output>
        </test-method> <!-- selectUserTest -->
        <test-method is-config="true" signature="tearDown()[pri:0, instance:com.way2Project.Tests.CutomerPageTest@77eca502]" started-at="2022-11-06T20:01:33 AST" name="tearDown" finished-at="2022-11-06T20:01:36 AST" duration-ms="3124" status="PASS">
          <reporter-output>
          </reporter-output>
        </test-method> <!-- tearDown -->
      </class> <!-- com.way2Project.Tests.CutomerPageTest -->
    </test> <!-- Test -->
  </suite> <!-- Suite -->
</testng-results>
